<?xml version="1.0" encoding="UTF-8"?>
<!-- Generated by org.testng.reporters.JUnitXMLReporter -->
<testsuite hostname="KIR-LAPTOP" name="Default test" tests="1" failures="0" timestamp="23 Aug 2017 20:11:13 GMT" time="0.041" errors="0">
  <testcase name="@BeforeSuite init" time="0.0" classname="com.lufthansa.tests.HomepageTest">
    <failure type="org.testng.TestNGException" message="
Parameter &amp;apos;browser&amp;apos; is required by @Configuration on method init but has not been marked @Optional or defined
in C:\Users\kiran\AppData\Local\Temp\testng-eclipse-1803714192\testng-customsuite.xml">
      <![CDATA[org.testng.TestNGException: 
Parameter 'browser' is required by @Configuration on method init but has not been marked @Optional or defined
in C:\Users\kiran\AppData\Local\Temp\testng-eclipse-1803714192\testng-customsuite.xml
	at org.testng.internal.Parameters.createParameters(Parameters.java:155)
	at org.testng.internal.Parameters.createParameters(Parameters.java:355)
	at org.testng.internal.Parameters.createConfigurationParameters(Parameters.java:86)
	at org.testng.internal.Invoker.invokeConfigurations(Invoker.java:199)
	at org.testng.internal.Invoker.invokeConfigurations(Invoker.java:138)
	at org.testng.SuiteRunner.privateRun(SuiteRunner.java:277)
	at org.testng.SuiteRunner.run(SuiteRunner.java:240)
	at org.testng.SuiteRunnerWorker.runSuite(SuiteRunnerWorker.java:52)
	at org.testng.SuiteRunnerWorker.run(SuiteRunnerWorker.java:86)
	at org.testng.TestNG.runSuitesSequentially(TestNG.java:1198)
	at org.testng.TestNG.runSuitesLocally(TestNG.java:1123)
	at org.testng.TestNG.run(TestNG.java:1031)
	at org.testng.remote.AbstractRemoteTestNG.run(AbstractRemoteTestNG.java:132)
	at org.testng.remote.RemoteTestNG.initAndRun(RemoteTestNG.java:230)
	at org.testng.remote.RemoteTestNG.main(RemoteTestNG.java:76)
]]>
    </failure>
  </testcase> <!-- @BeforeSuite init -->
  <testcase name="@BeforeTest getDriver" time="0.0" classname="com.lufthansa.tests.HomepageTest">
    <skipped/>
  </testcase> <!-- @BeforeTest getDriver -->
  <testcase name="bookTicket" time="0.015" classname="com.lufthansa.tests.HomepageTest">
    <skipped/>
  </testcase> <!-- bookTicket -->
</testsuite> <!-- Default test -->
